*** Starting uWSGI 2.0.15-debian (64bit) on [Wed Apr 14 22:21:10 2021] ***
compiled with version: 7.3.0 on 28 September 2018 15:41:15
os: Linux-4.15.0-118-generic #119-Ubuntu SMP Tue Sep 8 12:30:01 UTC 2020
nodename: VM-0-5-ubuntu
machine: x86_64
clock source: unix
pcre jit disabled
detected number of CPU cores: 1
current working directory: /home/ubuntu/pluto/myPage/myScript/mysite
writing pidfile to /home/ubuntu/pluto/myPage/myScript/mysite/uwsgi.pid
detected binary path: /usr/bin/uwsgi-core
dropping root privileges as early as possible
chdir() to /home/ubuntu/pluto/myPage/myScript/mysite
your processes number limit is 7073
your memory page size is 4096 bytes
detected max file descriptor number: 1048576
lock engine: pthread robust mutexes
thunder lock: disabled (you can enable it with --thunder-lock)
uwsgi socket 0 bound to TCP address :8011 fd 3
dropping root privileges after socket binding
dropping root privileges after plugin initialization
your server socket listen backlog is limited to 100 connections
your mercy for graceful operations on workers is 60 seconds
mapped 363840 bytes (355 KB) for 4 cores
*** Operational MODE: preforking ***
*** no app loaded. going in full dynamic mode ***
dropping root privileges after application loading
*** uWSGI is running in multiple interpreter mode ***
!!!!!!!!!!!!!! WARNING !!!!!!!!!!!!!!
no request plugin is loaded, you will not be able to manage requests.
you may need to install the package for your language of choice, or simply load it with --plugin.
!!!!!!!!!!! END OF WARNING !!!!!!!!!!
spawned uWSGI master process (pid: 6521)
spawned uWSGI worker 1 (pid: 6522, cores: 1)
spawned uWSGI worker 2 (pid: 6523, cores: 1)
spawned uWSGI worker 3 (pid: 6524, cores: 1)
spawned uWSGI worker 4 (pid: 6525, cores: 1)
*** Stats server enabled on /home/ubuntu/pluto/myPage/myScript/mysite/uwsgi.status fd: 15 ***
*** Starting uWSGI 2.0.15-debian (64bit) on [Wed Apr 14 22:21:24 2021] ***
compiled with version: 7.3.0 on 28 September 2018 15:41:15
os: Linux-4.15.0-118-generic #119-Ubuntu SMP Tue Sep 8 12:30:01 UTC 2020
nodename: VM-0-5-ubuntu
machine: x86_64
clock source: unix
pcre jit disabled
detected number of CPU cores: 1
current working directory: /home/ubuntu/pluto/myPage/myScript/mysite
writing pidfile to /home/ubuntu/pluto/myPage/myScript/mysite/uwsgi.pid
detected binary path: /usr/bin/uwsgi-core
dropping root privileges as early as possible
chdir() to /home/ubuntu/pluto/myPage/myScript/mysite
your processes number limit is 7073
your memory page size is 4096 bytes
detected max file descriptor number: 1048576
lock engine: pthread robust mutexes
thunder lock: disabled (you can enable it with --thunder-lock)
probably another instance of uWSGI is running on the same address (:8011).
bind(): Address already in use [core/socket.c line 769]
-- unavailable modifier requested: 0 --
-- unavailable modifier requested: 0 --
-- unavailable modifier requested: 0 --
-- unavailable modifier requested: 0 --
-- unavailable modifier requested: 0 --
-- unavailable modifier requested: 0 --
-- unavailable modifier requested: 0 --
-- unavailable modifier requested: 0 --
-- unavailable modifier requested: 0 --
-- unavailable modifier requested: 0 --
-- unavailable modifier requested: 0 --
-- unavailable modifier requested: 0 --
-- unavailable modifier requested: 0 --
-- unavailable modifier requested: 0 --
-- unavailable modifier requested: 0 --
-- unavailable modifier requested: 0 --
-- unavailable modifier requested: 0 --
-- unavailable modifier requested: 0 --
-- unavailable modifier requested: 0 --
-- unavailable modifier requested: 0 --
-- unavailable modifier requested: 0 --
-- unavailable modifier requested: 0 --
-- unavailable modifier requested: 0 --
-- unavailable modifier requested: 0 --
-- unavailable modifier requested: 0 --
-- unavailable modifier requested: 0 --
-- unavailable modifier requested: 0 --
-- unavailable modifier requested: 0 --
*** Starting uWSGI 2.0.15-debian (64bit) on [Wed Apr 14 22:33:14 2021] ***
compiled with version: 7.3.0 on 28 September 2018 15:41:15
os: Linux-4.15.0-118-generic #119-Ubuntu SMP Tue Sep 8 12:30:01 UTC 2020
nodename: VM-0-5-ubuntu
machine: x86_64
clock source: unix
pcre jit disabled
detected number of CPU cores: 1
current working directory: /home/ubuntu/pluto/myPage/myScript/mysite
writing pidfile to /home/ubuntu/pluto/myPage/myScript/mysite/uwsgi.pid
detected binary path: /usr/bin/uwsgi-core
dropping root privileges as early as possible
chdir() to /home/ubuntu/pluto/myPage/myScript/mysite
your processes number limit is 7073
your memory page size is 4096 bytes
detected max file descriptor number: 1048576
lock engine: pthread robust mutexes
thunder lock: disabled (you can enable it with --thunder-lock)
probably another instance of uWSGI is running on the same address (:8011).
bind(): Address already in use [core/socket.c line 769]
-- unavailable modifier requested: 0 --
-- unavailable modifier requested: 0 --
-- unavailable modifier requested: 0 --
-- unavailable modifier requested: 0 --
-- unavailable modifier requested: 0 --
-- unavailable modifier requested: 0 --
*** Starting uWSGI 2.0.15-debian (64bit) on [Wed Apr 14 22:34:40 2021] ***
compiled with version: 7.3.0 on 28 September 2018 15:41:15
os: Linux-4.15.0-118-generic #119-Ubuntu SMP Tue Sep 8 12:30:01 UTC 2020
nodename: VM-0-5-ubuntu
machine: x86_64
clock source: unix
pcre jit disabled
detected number of CPU cores: 1
current working directory: /home/ubuntu/pluto/myPage/myScript/mysite
writing pidfile to /home/ubuntu/pluto/myPage/myScript/mysite/uwsgi.pid
detected binary path: /usr/bin/uwsgi-core
dropping root privileges as early as possible
chdir() to /home/ubuntu/pluto/myPage/myScript/mysite
your processes number limit is 7073
your memory page size is 4096 bytes
detected max file descriptor number: 1048576
lock engine: pthread robust mutexes
thunder lock: disabled (you can enable it with --thunder-lock)
probably another instance of uWSGI is running on the same address (:8011).
bind(): Address already in use [core/socket.c line 769]
-- unavailable modifier requested: 0 --
-- unavailable modifier requested: 0 --
-- unavailable modifier requested: 0 --
...brutally killing workers...
worker 1 buried after 2 seconds
worker 2 buried after 2 seconds
worker 3 buried after 2 seconds
worker 4 buried after 2 seconds
binary reloading uWSGI...
chdir() to /home/ubuntu/pluto/myPage/myScript/mysite
closing all non-uwsgi socket fds > 2 (max_fd = 1048576)...
found fd 3 mapped to socket 0 (:8011)
running /usr/bin/uwsgi-core
[uWSGI] getting INI configuration from my_uWSGI.ini
*** Starting uWSGI 2.0.15-debian (64bit) on [Wed Apr 14 22:37:34 2021] ***
compiled with version: 7.3.0 on 28 September 2018 15:41:15
os: Linux-4.15.0-118-generic #119-Ubuntu SMP Tue Sep 8 12:30:01 UTC 2020
nodename: VM-0-5-ubuntu
machine: x86_64
clock source: unix
pcre jit disabled
detected number of CPU cores: 1
current working directory: /home/ubuntu/pluto/myPage/myScript/mysite
detected binary path: /usr/bin/uwsgi-core
dropping root privileges as early as possible
chdir() to /home/ubuntu/pluto/myPage/myScript/mysite
your processes number limit is 7073
your memory page size is 4096 bytes
detected max file descriptor number: 1048576
lock engine: pthread robust mutexes
thunder lock: disabled (you can enable it with --thunder-lock)
uwsgi socket 0 inherited INET address :8011 fd 3
dropping root privileges after socket binding
dropping root privileges after plugin initialization
your server socket listen backlog is limited to 100 connections
your mercy for graceful operations on workers is 60 seconds
mapped 363840 bytes (355 KB) for 4 cores
*** Operational MODE: preforking ***
*** no app loaded. going in full dynamic mode ***
dropping root privileges after application loading
*** uWSGI is running in multiple interpreter mode ***
!!!!!!!!!!!!!! WARNING !!!!!!!!!!!!!!
no request plugin is loaded, you will not be able to manage requests.
you may need to install the package for your language of choice, or simply load it with --plugin.
!!!!!!!!!!! END OF WARNING !!!!!!!!!!
gracefully (RE)spawned uWSGI master process (pid: 6521)
spawned uWSGI worker 1 (pid: 11113, cores: 1)
spawned uWSGI worker 2 (pid: 11114, cores: 1)
spawned uWSGI worker 3 (pid: 11115, cores: 1)
spawned uWSGI worker 4 (pid: 11116, cores: 1)
*** Stats server enabled on /home/ubuntu/pluto/myPage/myScript/mysite/uwsgi.status fd: 15 ***
*** Starting uWSGI 2.0.15-debian (64bit) on [Wed Apr 14 22:39:12 2021] ***
compiled with version: 7.3.0 on 28 September 2018 15:41:15
os: Linux-4.15.0-118-generic #119-Ubuntu SMP Tue Sep 8 12:30:01 UTC 2020
nodename: VM-0-5-ubuntu
machine: x86_64
clock source: unix
pcre jit disabled
detected number of CPU cores: 1
current working directory: /home/ubuntu/pluto/myPage/myScript/mysite
writing pidfile to /home/ubuntu/pluto/myPage/myScript/mysite/uwsgi.pid
detected binary path: /usr/bin/uwsgi-core
dropping root privileges as early as possible
chdir() to /home/ubuntu/pluto/myPage/myScript/mysite
your processes number limit is 7073
your memory page size is 4096 bytes
detected max file descriptor number: 1048576
lock engine: pthread robust mutexes
thunder lock: disabled (you can enable it with --thunder-lock)
uwsgi socket 0 bound to TCP address :8011 fd 3
dropping root privileges after socket binding
dropping root privileges after plugin initialization
your server socket listen backlog is limited to 100 connections
your mercy for graceful operations on workers is 60 seconds
mapped 363840 bytes (355 KB) for 4 cores
*** Operational MODE: preforking ***
*** no app loaded. going in full dynamic mode ***
dropping root privileges after application loading
*** uWSGI is running in multiple interpreter mode ***
!!!!!!!!!!!!!! WARNING !!!!!!!!!!!!!!
no request plugin is loaded, you will not be able to manage requests.
you may need to install the package for your language of choice, or simply load it with --plugin.
!!!!!!!!!!! END OF WARNING !!!!!!!!!!
spawned uWSGI master process (pid: 1882)
spawned uWSGI worker 1 (pid: 1883, cores: 1)
spawned uWSGI worker 2 (pid: 1884, cores: 1)
spawned uWSGI worker 3 (pid: 1885, cores: 1)
spawned uWSGI worker 4 (pid: 1886, cores: 1)
*** Stats server enabled on /home/ubuntu/pluto/myPage/myScript/mysite/uwsgi.status fd: 15 ***
-- unavailable modifier requested: 0 --
-- unavailable modifier requested: 0 --
-- unavailable modifier requested: 0 --
-- unavailable modifier requested: 0 --
*** Starting uWSGI 2.0.15-debian (64bit) on [Wed Apr 14 22:42:27 2021] ***
compiled with version: 7.3.0 on 28 September 2018 15:41:15
os: Linux-4.15.0-118-generic #119-Ubuntu SMP Tue Sep 8 12:30:01 UTC 2020
nodename: VM-0-5-ubuntu
machine: x86_64
clock source: unix
pcre jit disabled
detected number of CPU cores: 1
current working directory: /home/ubuntu/pluto/myPage/myScript/mysite
writing pidfile to /home/ubuntu/pluto/myPage/myScript/mysite/uwsgi.pid
detected binary path: /usr/bin/uwsgi-core
dropping root privileges as early as possible
chdir() to /home/ubuntu/pluto/myPage/myScript/mysite
your processes number limit is 7073
your memory page size is 4096 bytes
detected max file descriptor number: 1048576
lock engine: pthread robust mutexes
thunder lock: disabled (you can enable it with --thunder-lock)
probably another instance of uWSGI is running on the same address (:8011).
bind(): Address already in use [core/socket.c line 769]
-- unavailable modifier requested: 0 --
-- unavailable modifier requested: 0 --
-- unavailable modifier requested: 0 --
-- unavailable modifier requested: 0 --
-- unavailable modifier requested: 0 --
-- unavailable modifier requested: 0 --
-- unavailable modifier requested: 0 --
-- unavailable modifier requested: 0 --
-- unavailable modifier requested: 0 --
-- unavailable modifier requested: 0 --
-- unavailable modifier requested: 0 --
-- unavailable modifier requested: 0 --
-- unavailable modifier requested: 0 --
-- unavailable modifier requested: 0 --
-- unavailable modifier requested: 0 --
-- unavailable modifier requested: 0 --
-- unavailable modifier requested: 0 --
-- unavailable modifier requested: 0 --
-- unavailable modifier requested: 0 --
-- unavailable modifier requested: 0 --
-- unavailable modifier requested: 0 --
*** Starting uWSGI 2.0.15-debian (64bit) on [Wed Apr 14 22:45:07 2021] ***
compiled with version: 7.3.0 on 28 September 2018 15:41:15
os: Linux-4.15.0-118-generic #119-Ubuntu SMP Tue Sep 8 12:30:01 UTC 2020
nodename: VM-0-5-ubuntu
machine: x86_64
clock source: unix
pcre jit disabled
detected number of CPU cores: 1
current working directory: /home/ubuntu/pluto/myPage/myScript/mysite
writing pidfile to /home/ubuntu/pluto/myPage/myScript/mysite/uwsgi.pid
detected binary path: /usr/bin/uwsgi-core
dropping root privileges as early as possible
chdir() to /home/ubuntu/pluto/myPage/myScript/mysite
your processes number limit is 7073
your memory page size is 4096 bytes
detected max file descriptor number: 1048576
lock engine: pthread robust mutexes
thunder lock: disabled (you can enable it with --thunder-lock)
probably another instance of uWSGI is running on the same address (:8011).
bind(): Address already in use [core/socket.c line 769]
*** Starting uWSGI 2.0.15-debian (64bit) on [Wed Apr 14 22:45:54 2021] ***
compiled with version: 7.3.0 on 28 September 2018 15:41:15
os: Linux-4.15.0-118-generic #119-Ubuntu SMP Tue Sep 8 12:30:01 UTC 2020
nodename: VM-0-5-ubuntu
machine: x86_64
clock source: unix
pcre jit disabled
detected number of CPU cores: 1
current working directory: /home/ubuntu/pluto/myPage/myScript/mysite
writing pidfile to /home/ubuntu/pluto/myPage/myScript/mysite/uwsgi.pid
detected binary path: /usr/bin/uwsgi-core
dropping root privileges as early as possible
chdir() to /home/ubuntu/pluto/myPage/myScript/mysite
your processes number limit is 7073
your memory page size is 4096 bytes
detected max file descriptor number: 1048576
lock engine: pthread robust mutexes
thunder lock: disabled (you can enable it with --thunder-lock)
probably another instance of uWSGI is running on the same address (:8011).
bind(): Address already in use [core/socket.c line 769]
-- unavailable modifier requested: 0 --
-- unavailable modifier requested: 0 --
-- unavailable modifier requested: 0 --
-- unavailable modifier requested: 0 --
-- unavailable modifier requested: 0 --
-- unavailable modifier requested: 0 --
-- unavailable modifier requested: 0 --
-- unavailable modifier requested: 0 --
-- unavailable modifier requested: 0 --
-- unavailable modifier requested: 0 --
-- unavailable modifier requested: 0 --
-- unavailable modifier requested: 0 --
-- unavailable modifier requested: 0 --
-- unavailable modifier requested: 0 --
-- unavailable modifier requested: 0 --
-- unavailable modifier requested: 0 --
-- unavailable modifier requested: 0 --
-- unavailable modifier requested: 0 --
-- unavailable modifier requested: 0 --
-- unavailable modifier requested: 0 --
-- unavailable modifier requested: 0 --
-- unavailable modifier requested: 0 --
-- unavailable modifier requested: 0 --
-- unavailable modifier requested: 0 --
-- unavailable modifier requested: 0 --
*** Starting uWSGI 2.0.15-debian (64bit) on [Wed Apr 14 22:47:20 2021] ***
compiled with version: 7.3.0 on 28 September 2018 15:41:15
os: Linux-4.15.0-118-generic #119-Ubuntu SMP Tue Sep 8 12:30:01 UTC 2020
nodename: VM-0-5-ubuntu
machine: x86_64
clock source: unix
pcre jit disabled
detected number of CPU cores: 1
current working directory: /home/ubuntu/pluto/myPage/myScript/mysite
writing pidfile to /home/ubuntu/pluto/myPage/myScript/mysite/uwsgi.pid
detected binary path: /usr/bin/uwsgi-core
dropping root privileges as early as possible
chdir() to /home/ubuntu/pluto/myPage/myScript/mysite
your processes number limit is 7073
your memory page size is 4096 bytes
detected max file descriptor number: 1048576
lock engine: pthread robust mutexes
thunder lock: disabled (you can enable it with --thunder-lock)
probably another instance of uWSGI is running on the same address (:8011).
bind(): Address already in use [core/socket.c line 769]
*** Starting uWSGI 2.0.15-debian (64bit) on [Wed Apr 14 22:47:41 2021] ***
compiled with version: 7.3.0 on 28 September 2018 15:41:15
os: Linux-4.15.0-118-generic #119-Ubuntu SMP Tue Sep 8 12:30:01 UTC 2020
nodename: VM-0-5-ubuntu
machine: x86_64
clock source: unix
pcre jit disabled
detected number of CPU cores: 1
current working directory: /home/ubuntu/pluto/myPage/myScript/mysite
writing pidfile to /home/ubuntu/pluto/myPage/myScript/mysite/uwsgi.pid
detected binary path: /usr/bin/uwsgi-core
dropping root privileges as early as possible
chdir() to /home/ubuntu/pluto/myPage/myScript/mysite
your processes number limit is 7073
your memory page size is 4096 bytes
detected max file descriptor number: 1048576
lock engine: pthread robust mutexes
thunder lock: disabled (you can enable it with --thunder-lock)
probably another instance of uWSGI is running on the same address (:8011).
bind(): Address already in use [core/socket.c line 769]
*** Starting uWSGI 2.0.15-debian (64bit) on [Wed Apr 14 22:48:44 2021] ***
compiled with version: 7.3.0 on 28 September 2018 15:41:15
os: Linux-4.15.0-118-generic #119-Ubuntu SMP Tue Sep 8 12:30:01 UTC 2020
nodename: VM-0-5-ubuntu
machine: x86_64
clock source: unix
pcre jit disabled
detected number of CPU cores: 1
current working directory: /home/ubuntu/pluto/myPage/myScript/mysite
writing pidfile to /home/ubuntu/pluto/myPage/myScript/mysite/uwsgi.pid
detected binary path: /usr/bin/uwsgi-core
dropping root privileges as early as possible
chdir() to /home/ubuntu/pluto/myPage/myScript/mysite
your processes number limit is 7073
your memory page size is 4096 bytes
detected max file descriptor number: 1048576
lock engine: pthread robust mutexes
thunder lock: disabled (you can enable it with --thunder-lock)
probably another instance of uWSGI is running on the same address (172.21.0.5:8011).
bind(): Address already in use [core/socket.c line 769]
-- unavailable modifier requested: 0 --
-- unavailable modifier requested: 0 --
-- unavailable modifier requested: 0 --
-- unavailable modifier requested: 0 --
*** Starting uWSGI 2.0.15-debian (64bit) on [Wed Apr 14 22:49:03 2021] ***
compiled with version: 7.3.0 on 28 September 2018 15:41:15
os: Linux-4.15.0-118-generic #119-Ubuntu SMP Tue Sep 8 12:30:01 UTC 2020
nodename: VM-0-5-ubuntu
machine: x86_64
clock source: unix
pcre jit disabled
detected number of CPU cores: 1
current working directory: /home/ubuntu/pluto/myPage/myScript/mysite
writing pidfile to /home/ubuntu/pluto/myPage/myScript/mysite/uwsgi.pid
detected binary path: /usr/bin/uwsgi-core
dropping root privileges as early as possible
chdir() to /home/ubuntu/pluto/myPage/myScript/mysite
your processes number limit is 7073
your memory page size is 4096 bytes
detected max file descriptor number: 1048576
lock engine: pthread robust mutexes
thunder lock: disabled (you can enable it with --thunder-lock)
probably another instance of uWSGI is running on the same address (172.21.0.5:8011).
bind(): Address already in use [core/socket.c line 769]
*** Starting uWSGI 2.0.15-debian (64bit) on [Wed Apr 14 22:50:47 2021] ***
compiled with version: 7.3.0 on 28 September 2018 15:41:15
os: Linux-4.15.0-118-generic #119-Ubuntu SMP Tue Sep 8 12:30:01 UTC 2020
nodename: VM-0-5-ubuntu
machine: x86_64
clock source: unix
pcre jit disabled
detected number of CPU cores: 1
current working directory: /home/ubuntu/pluto/myPage/myScript/mysite
writing pidfile to /home/ubuntu/pluto/myPage/myScript/mysite/uwsgi.pid
detected binary path: /usr/bin/uwsgi-core
dropping root privileges as early as possible
chdir() to /home/ubuntu/pluto/myPage/myScript/mysite
your processes number limit is 7073
your memory page size is 4096 bytes
detected max file descriptor number: 1048576
lock engine: pthread robust mutexes
thunder lock: disabled (you can enable it with --thunder-lock)
probably another instance of uWSGI is running on the same address (172.21.0.5:8011).
bind(): Address already in use [core/socket.c line 769]
Wed Apr 14 22:51:26 2021 - uWSGI worker 3 screams: UAAAAAAH my master disconnected: i will kill myself !!!
Wed Apr 14 22:51:26 2021 - uWSGI worker 1 screams: UAAAAAAH my master disconnected: i will kill myself !!!
Wed Apr 14 22:51:26 2021 - uWSGI worker 2 screams: UAAAAAAH my master disconnected: i will kill myself !!!
Wed Apr 14 22:51:26 2021 - uWSGI worker 4 screams: UAAAAAAH my master disconnected: i will kill myself !!!
*** Starting uWSGI 2.0.15-debian (64bit) on [Wed Apr 14 22:51:43 2021] ***
compiled with version: 7.3.0 on 28 September 2018 15:41:15
os: Linux-4.15.0-118-generic #119-Ubuntu SMP Tue Sep 8 12:30:01 UTC 2020
nodename: VM-0-5-ubuntu
machine: x86_64
clock source: unix
pcre jit disabled
detected number of CPU cores: 1
current working directory: /home/ubuntu/pluto/myPage/myScript/mysite
writing pidfile to /home/ubuntu/pluto/myPage/myScript/mysite/uwsgi.pid
detected binary path: /usr/bin/uwsgi-core
dropping root privileges as early as possible
chdir() to /home/ubuntu/pluto/myPage/myScript/mysite
your processes number limit is 7073
your memory page size is 4096 bytes
detected max file descriptor number: 1048576
lock engine: pthread robust mutexes
thunder lock: disabled (you can enable it with --thunder-lock)
uwsgi socket 0 bound to TCP address 172.21.0.5:8011 fd 3
dropping root privileges after socket binding
Python version: 3.6.9 (default, Jan 26 2021, 15:33:00)  [GCC 8.4.0]
*** Python threads support is disabled. You can enable it with --enable-threads ***
Python main interpreter initialized at 0x5605fea47780
dropping root privileges after plugin initialization
your server socket listen backlog is limited to 100 connections
your mercy for graceful operations on workers is 60 seconds
mapped 363840 bytes (355 KB) for 4 cores
*** Operational MODE: preforking ***
WSGI app 0 (mountpoint='') ready in 0 seconds on interpreter 0x5605fea47780 pid: 5377 (default app)
dropping root privileges after application loading
*** uWSGI is running in multiple interpreter mode ***
spawned uWSGI master process (pid: 5377)
spawned uWSGI worker 1 (pid: 5382, cores: 1)
spawned uWSGI worker 2 (pid: 5383, cores: 1)
spawned uWSGI worker 3 (pid: 5384, cores: 1)
spawned uWSGI worker 4 (pid: 5385, cores: 1)
*** Stats server enabled on /home/ubuntu/pluto/myPage/myScript/mysite/uwsgi.status fd: 18 ***
GET
GET
GET
GET
GET
GET
GET
GET
GET
GET
GET
GET
GET
GET
GET
GET
GET
GET
GET
GET
GET
